2025-01-03 15:46:04 INFO  c.s.c.ventas.VentasApplication - Starting VentasApplication v0.0.1-SNAPSHOT using Java 17.0.13 with PID 1 (/app/app.jar started by spring in /app)
2025-01-03 15:46:04 INFO  c.s.c.ventas.VentasApplication - No active profile set, falling back to 1 default profile: "default"
2025-01-03 15:46:04 INFO  o.s.c.c.c.ConfigServerConfigDataLoader - Fetching config from server at : http://config-server:8888
2025-01-03 15:46:04 INFO  o.s.c.c.c.ConfigServerConfigDataLoader - Located environment: name=ms-ventas, profiles=[dev], label=null, version=bd33c0c0609cc5f18a23c5a019096cb26e5d70bd, state=
2025-01-03 15:46:07 INFO  o.s.d.r.c.RepositoryConfigurationDelegate - Bootstrapping Spring Data JPA repositories in DEFAULT mode.
2025-01-03 15:46:07 INFO  o.s.d.r.c.RepositoryConfigurationDelegate - Finished Spring Data repository scanning in 220 ms. Found 1 JPA repository interface.
2025-01-03 15:46:08 INFO  o.s.cloud.context.scope.GenericScope - BeanFactory id=c77d11a9-22c7-3129-b055-d3a1a45681bc
2025-01-03 15:46:09 INFO  o.s.b.w.e.tomcat.TomcatWebServer - Tomcat initialized with port 0 (http)
2025-01-03 15:46:09 INFO  o.a.catalina.core.StandardService - Starting service [Tomcat]
2025-01-03 15:46:09 INFO  o.a.catalina.core.StandardEngine - Starting Servlet engine: [Apache Tomcat/10.1.34]
2025-01-03 15:46:09 INFO  o.a.c.c.C.[.[.[/ms-ventas/v1] - Initializing Spring embedded WebApplicationContext
2025-01-03 15:46:09 INFO  o.s.b.w.s.c.ServletWebServerApplicationContext - Root WebApplicationContext: initialization completed in 4762 ms
2025-01-03 15:46:09 INFO  o.h.jpa.internal.util.LogHelper - HHH000204: Processing PersistenceUnitInfo [name: default]
2025-01-03 15:46:10 INFO  org.hibernate.Version - HHH000412: Hibernate ORM core version 6.6.4.Final
2025-01-03 15:46:10 INFO  o.h.c.i.RegionFactoryInitiator - HHH000026: Second-level cache disabled
2025-01-03 15:46:10 INFO  o.s.o.j.p.SpringPersistenceUnitInfo - No LoadTimeWeaver setup: ignoring JPA class transformer
2025-01-03 15:46:10 INFO  com.zaxxer.hikari.HikariDataSource - HikariPool-1 - Starting...
2025-01-03 15:46:10 INFO  com.zaxxer.hikari.pool.HikariPool - HikariPool-1 - Added connection org.postgresql.jdbc.PgConnection@be9cc86
2025-01-03 15:46:11 INFO  com.zaxxer.hikari.HikariDataSource - HikariPool-1 - Start completed.
2025-01-03 15:46:11 WARN  org.hibernate.orm.deprecation - HHH90000025: PostgreSQLDialect does not need to be specified explicitly using 'hibernate.dialect' (remove the property setting and it will be selected by default)
2025-01-03 15:46:11 INFO  o.hibernate.orm.connections.pooling - HHH10001005: Database info:
	Database JDBC URL [Connecting through datasource 'HikariDataSource (HikariPool-1)']
	Database driver: undefined/unknown
	Database version: 17.2
	Autocommit mode: undefined/unknown
	Isolation level: undefined/unknown
	Minimum pool size: undefined/unknown
	Maximum pool size: undefined/unknown
2025-01-03 15:46:12 INFO  o.h.e.t.j.p.i.JtaPlatformInitiator - HHH000489: No JTA platform available (set 'hibernate.transaction.jta.platform' to enable JTA platform integration)
2025-01-03 15:46:12 INFO  o.s.o.j.LocalContainerEntityManagerFactoryBean - Initialized JPA EntityManagerFactory for persistence unit 'default'
2025-01-03 15:46:13 WARN  o.s.b.a.o.j.JpaBaseConfiguration$JpaWebConfiguration - spring.jpa.open-in-view is enabled by default. Therefore, database queries may be performed during view rendering. Explicitly configure spring.jpa.open-in-view to disable this warning
2025-01-03 15:46:13 INFO  o.s.v.b.OptionalValidatorFactoryBean - Failed to set up a Bean Validation provider: jakarta.validation.NoProviderFoundException: Unable to create a Configuration, because no Jakarta Bean Validation provider could be found. Add a provider like Hibernate Validator (RI) to your classpath.
2025-01-03 15:46:14 INFO  o.s.c.n.e.c.DiscoveryClientOptionalArgsConfiguration - Eureka HTTP Client uses RestTemplate.
2025-01-03 15:46:15 WARN  o.s.c.l.c.LoadBalancerCacheAutoConfiguration$LoadBalancerCaffeineWarnLogger - Spring Cloud LoadBalancer is currently working with the default cache. While this cache implementation is useful for development and tests, it's recommended to use Caffeine cache in production.You can switch to using Caffeine cache, by adding it and org.springframework.cache.caffeine.CaffeineCacheManager to the classpath.
2025-01-03 15:46:15 INFO  o.s.b.a.e.web.EndpointLinksResolver - Exposing 18 endpoints beneath base path '/actuator'
2025-01-03 15:46:15 INFO  o.s.b.w.e.tomcat.TomcatWebServer - Tomcat started on port 40603 (http) with context path '/ms-ventas/v1'
2025-01-03 15:46:15 INFO  o.s.c.n.e.s.EurekaAutoServiceRegistration - Updating port to 40603
2025-01-03 15:46:15 INFO  o.s.c.n.eureka.InstanceInfoFactory - Setting initial instance status as: STARTING
2025-01-03 15:46:15 INFO  c.netflix.discovery.DiscoveryClient - Initializing Eureka in region us-east-1
2025-01-03 15:46:15 INFO  c.n.d.s.r.aws.ConfigClusterResolver - Resolving eureka endpoints via configuration
2025-01-03 15:46:15 INFO  c.netflix.discovery.DiscoveryClient - Disable delta property : false
2025-01-03 15:46:15 INFO  c.netflix.discovery.DiscoveryClient - Single vip registry refresh property : null
2025-01-03 15:46:15 INFO  c.netflix.discovery.DiscoveryClient - Force full registry fetch : false
2025-01-03 15:46:15 INFO  c.netflix.discovery.DiscoveryClient - Application is null : false
2025-01-03 15:46:15 INFO  c.netflix.discovery.DiscoveryClient - Registered Applications size is zero : true
2025-01-03 15:46:15 INFO  c.netflix.discovery.DiscoveryClient - Application version is -1: true
2025-01-03 15:46:15 INFO  c.netflix.discovery.DiscoveryClient - Getting all instance registry info from the eureka server
2025-01-03 15:46:15 INFO  c.netflix.discovery.DiscoveryClient - The response status is 200
2025-01-03 15:46:15 INFO  c.netflix.discovery.DiscoveryClient - Starting heartbeat executor: renew interval is: 30
2025-01-03 15:46:15 INFO  c.n.discovery.InstanceInfoReplicator - InstanceInfoReplicator onDemand update allowed rate per min is 4
2025-01-03 15:46:15 INFO  c.netflix.discovery.DiscoveryClient - Discovery Client initialized at timestamp 1735919175615 with initial instances count: 3
2025-01-03 15:46:15 INFO  o.s.c.n.e.s.EurekaServiceRegistry - Registering application MS-VENTAS with eureka with status UP
2025-01-03 15:46:15 INFO  c.netflix.discovery.DiscoveryClient - Saw local status change event StatusChangeEvent [timestamp=1735919175624, current=UP, previous=STARTING]
2025-01-03 15:46:15 INFO  c.netflix.discovery.DiscoveryClient - DiscoveryClient_MS-VENTAS/c1a7ec147af1:ms-ventas:0: registering service...
2025-01-03 15:46:15 INFO  c.s.c.ventas.VentasApplication - Started VentasApplication in 13.879 seconds (process running for 15.233)
2025-01-03 15:46:15 INFO  c.netflix.discovery.DiscoveryClient - DiscoveryClient_MS-VENTAS/c1a7ec147af1:ms-ventas:0 - registration status: 204
2025-01-03 15:46:15 WARN  d.c.b.a.c.r.ApplicationRegistrator - Failed to register application as Application(name=ms-ventas, managementUrl=http://c1a7ec147af1:40603/ms-ventas/v1/actuator, healthUrl=http://c1a7ec147af1:40603/ms-ventas/v1/actuator/health, serviceUrl=http://c1a7ec147af1:40603/ms-ventas/v1) at spring-boot-admin ([http://localhost:8062/instances]): I/O error on POST request for "http://localhost:8062/instances": Connect to http://localhost:8062 [localhost/127.0.0.1, localhost/0:0:0:0:0:0:0:1] failed: Connection refused. Further attempts are logged on DEBUG level
2025-01-03 15:46:49 INFO  o.a.c.c.C.[.[.[/ms-ventas/v1] - Initializing Spring DispatcherServlet 'dispatcherServlet'
2025-01-03 15:46:49 INFO  o.s.web.servlet.DispatcherServlet - Initializing Servlet 'dispatcherServlet'
2025-01-03 15:46:49 INFO  o.s.web.servlet.DispatcherServlet - Completed initialization in 5 ms
2025-01-03 15:46:50 INFO  c.s.c.v.service.impl.VentasService - Cantidad10
2025-01-03 15:46:50 INFO  c.s.c.v.service.impl.VentasService - Fecha05/01/2025
2025-01-03 15:46:50 INFO  c.s.c.v.service.impl.VentasService - Total120.00
2025-01-03 15:46:50 INFO  c.s.c.v.service.impl.VentasService - Metodo de PagoEfectivo
2025-01-03 15:51:15 INFO  c.n.d.s.r.aws.ConfigClusterResolver - Resolving eureka endpoints via configuration
2025-01-03 15:56:15 INFO  c.n.d.s.r.aws.ConfigClusterResolver - Resolving eureka endpoints via configuration
2025-01-03 15:58:41 INFO  o.s.c.n.e.s.EurekaServiceRegistry - Unregistering application MS-VENTAS with eureka with status DOWN
2025-01-03 15:58:41 INFO  c.netflix.discovery.DiscoveryClient - Saw local status change event StatusChangeEvent [timestamp=1735919921030, current=DOWN, previous=UP]
2025-01-03 15:58:41 INFO  c.netflix.discovery.DiscoveryClient - DiscoveryClient_MS-VENTAS/c1a7ec147af1:ms-ventas:0: registering service...
2025-01-03 15:58:41 INFO  c.netflix.discovery.DiscoveryClient - DiscoveryClient_MS-VENTAS/c1a7ec147af1:ms-ventas:0 - registration status: 204
2025-01-03 15:58:41 INFO  o.s.b.w.e.tomcat.GracefulShutdown - Commencing graceful shutdown. Waiting for active requests to complete
2025-01-03 15:58:41 INFO  o.s.b.w.e.tomcat.GracefulShutdown - Graceful shutdown complete
2025-01-03 15:58:43 INFO  o.s.o.j.LocalContainerEntityManagerFactoryBean - Closing JPA EntityManagerFactory for persistence unit 'default'
2025-01-03 15:58:43 INFO  com.zaxxer.hikari.HikariDataSource - HikariPool-1 - Shutdown initiated...
2025-01-03 15:58:43 INFO  com.zaxxer.hikari.HikariDataSource - HikariPool-1 - Shutdown completed.
2025-01-03 15:58:43 INFO  c.netflix.discovery.DiscoveryClient - Shutting down DiscoveryClient ...
2025-01-03 15:58:46 WARN  c.n.discovery.TimedSupervisorTask - task supervisor shutting down, can't accept the task
2025-01-03 15:58:46 INFO  c.netflix.discovery.DiscoveryClient - Unregistering ...
2025-01-03 15:58:46 INFO  c.netflix.discovery.DiscoveryClient - DiscoveryClient_MS-VENTAS/c1a7ec147af1:ms-ventas:0 - deregister  status: 200
2025-01-03 15:58:46 INFO  c.netflix.discovery.DiscoveryClient - Completed shut down of DiscoveryClient
